
ROM used: 20638 (31%)
          20640 (31%) including unused fragments

          2 Average locations per line
          12 Average locations per statement

RAM used: 477 (12%) at main() level
          659 (17%) worst case

Stack used: 11 worst case (out of 31 total available)

Lines Stmts  %   Files
----- ----- ---  -----
  201   102   6  main.c
   32     0   0  main.h
  436     0   0  ..\..\..\..\..\..\..\..\Program Files (x86)\PICC\devices\18F4620.h
  152    25   1  ccstcpip.h
  548    78   4  tcpip\stacktsk.c
  538     0   0  tcpip\stacktsk.h
  253     0   0  tcpip\pic18.h
  186     0   0  tcpip\hardware.h
  409     0   0  ..\..\..\..\..\..\..\..\Program Files (x86)\PICC\drivers\string.h
   28     0   0  ..\..\..\..\..\..\..\..\Program Files (x86)\PICC\drivers\stddef.h
   28     0   0  ..\..\..\..\..\..\..\..\Program Files (x86)\PICC\drivers\ctype.h
 1273   359  21  ..\..\..\..\..\..\..\..\Program Files (x86)\PICC\drivers\stdlib.h
  279    49   3  tcpip\helpers.c
   65     0   0  tcpip\helpers.h
  222     0   0  tcpip\mac.h
  538     0   0  tcpip\StackTsk.h
  726     0   0  tcpip\ENC28J60.h
  155    15   1  tcpip\tick.c
  148     0   0  tcpip\tick.h
 2225   328  19  tcpip\enc28j60.c
   65     0   0  tcpip\Helpers.h
  222     0   0  tcpip\MAC.h
  307    39   2  tcpip\ip.c
  258     0   0  tcpip\ip.h
 1933   572  33  tcpip\tcp.c
  408     0   0  tcpip\tcp.h
  257    33   2  tcpip\icmp.c
  151     0   0  tcpip\icmp.h
  213    31   2  tcpip\arptsk.c
  118     0   0  tcpip\arp.h
  128     0   0  tcpip\arptsk.h
  243    53   3  tcpip\arp.c
  163    66   4  tcpip\mlcd.c
----- -----
12908  1750 Total

Page ROM  %  RAM   Vol Diff  Functions:
---- --- --- ---   --- ----  ----------
0     40   0   1             @delay_ms1
0      8   0   0             @PUTCHARI_BIU_1
0     58   0   5   129  4.6  strlen
0     92   0  14             @MUL3232
0    116   0   4   101  3.8  rand
0     72   0   5             @DIV1616
0     20   0   4    39  2.1  srand
0     22   0   4   178  3.0  swaps
0     34   0   8   325  3.2  swapl
0    238   1  20   989  9.4  CalcIPChecksum
0     22   0   0   138  2.9  TickInit
0     26   0   2    86  2.1  TickGet
0     32   0   0   230  1.8  Tick_Isr
0     34   0   1   245  3.2  ENCSPIInit
0     16   0   1    38  1.4  ENCSPIXfer
0    462   1   2  3878 11.2  MACInit
0     42   0   2    91  2.7  MACIsTxReady
0     42   0   2   118  3.9  MACGetTxBuffer
0      2   0   1    22  1.0  MACDiscardTx
0    100   0   2   636  7.5  MACDiscardRx
0    282   1   6  1307  9.3  MACGetFreeRxSize
0    312   1  26  1894 10.6  MACGetHeader
0    206   0   8   989  9.0  MACPutHeader
0    552   1   2  2697 11.5  MACFlush
0    124   0   6   692  7.2  MACSetRxBuffer
0    170   0   6   576  6.5  MACSetTxBuffer
0    264   1   8  1582  9.2  MACCalcRxChecksum
0    216   1   8   908  8.1  MACCalcTxChecksum
0    344   1   6  1772 10.9  CalcIPBufferChecksum
0     40   0   1   151  2.9  MACGet
0     92   0   8   281  5.5  MACGetArray
0     26   0   1   110  2.1  MACPut
0     74   0   5   187  4.4  MACPutArray
0     18   0   0    84  2.0  SendSystemReset
0     38   0   3   158  3.1  ReadETHReg
0     46   0   3   183  3.0  ReadMACReg
0    158   0   4   444  4.3  ReadPHYReg
0     26   0   3   123  2.8  WriteReg
0     26   0   3   123  2.8  BFCReg
0     26   0   3   123  2.8  BFSReg
0    150   0   6   322  4.7  WritePHYReg
0     54   0   5   149  4.7  BankSel
0    160   0   5   647  6.3  MACSetDuplex
0    228   1  32   857  7.7  IPGetHeader
0    300   1  29  1184  7.5  IPPutHeader
0     26   0   4    33  1.7  IPSetRxBuffer
0    224   1   6   183  1.9  SwapIPHeader
0    322   1   5  1194  8.7  TCPInit
0    252   1   7   761  7.6  TCPListen
0     42   0   4    53  3.0  TCPIsConnected
0    322   1  17   497  6.9  TCPDisconnect
0    458   1  20   635  7.1  TCPFlush
0    162   0   5   197  4.0  TCPIsPutReady
0    254   1   9   414  7.3  TCPPutAvailable
0    440   1  13   882 10.5  TCPPutArray
0     80   0   5   200  5.1  TCPDiscard
0    216   1   7   506  6.9  TCPGet
0     50   0   5    52  2.6  TCPIsGetReady
0   1190   3  22  3595 15.7  TCPTick
0     54   0   0             @goto12122
0    448   1  46  1562  9.6  TCPProcess
0    558   1  58  3289 11.6  TransmitTCP
0    478   1  14  1233  9.4  FindMatching_TCP_Socket
0    550   1   8   409  2.9  SwapTCPHeader
0    260   1   4   723  5.3  CloseSocket
0   2806   7  44  7845 13.9  HandleTCPSeg
0    238   1  89   785  7.4  ICMPGet
0    282   1  87  1247  7.7  ICMPPut
0    224   1   6   203  2.0  SwapICMPPacket
0     32   0   0   414  2.8  ARPInit
0    146   0  11   511  8.0  ARPProcess
0    234   1  34  1492  8.2  ARPGet
0    412   1  36  1689  7.9  ARPPut
0    212   1   6   210  2.8  SwapARPPacket
0     18   0   0   146  2.1  StackInit
0    426   1   8  2835 10.4  StackTask
0     50   0   0             @goto12649
0     42   0   1   200  3.1  init_user_io
0     26   0   0   333  2.8  MACAddrInit
0     46   0   0   751  2.9  IPAddrInit
0     30   0   0             @const1421
0     66   0   3   422  4.3  lcd_read_byte
0     30   0   1   112  2.2  lcd_send_nibble
0     66   0   3   290  3.9  lcd_send_byte
0    132   0   3   479  5.7  lcd_init
0     40   0   4   186  5.5  lcd_gotoxy
0     90   0   1   272  4.1  lcd_putc
0    362   1  29   948  7.8  TCPConnectedTask
0     38   0   0             @const1453
0     32   0   1             @SPRINTF
0     44   0   3             @DIV88
0    132   0   2             @PRINTF_U_1455
0   1102   3   9  2954 11.1  MyTCPTask
0     36   0   0             @const1477
0     40   0   0             @const1478
0     38   0   0             @const1479
0     38   0   0             @const1481
0     40   0   0             @const1482
0     46   0   0             @goto12872
0    266   1   8   641  8.6  LCDTask
0    682   2   1   699  3.8  main
0     78   0   0             @const1494
0     34   0   0             @const1495
0     32   0   0             @const1496

Program metrics:
    Functions               84
    Statements              1750
    Comments                7957
    Volume (V)              124047
    Difficilty (D)          486.4
    Effort to implement (E) 60337065
    Time to implement (T)   931 hours, 8 minutes
    Est Delivered Bugs (B)  51
    Cyclomatic Complexity   182
    Maintainability (MI)    113

 Segment     Used  Free
-----------  ----  ----
00000-00002     4  0  
00004-00006     2  2  
00008-0009C   150  0  
0009E-0FFFE  20482  44896  



